\BOOKMARK [1][-]{section.1}{\376\377\000I\000n\000t\000r\000o\000d\000u\000c\000t\000i\000o\000n}{}% 1
\BOOKMARK [1][-]{section.2}{\376\377\000B\000a\000c\000k\000g\000r\000o\000u\000n\000d\000\040\000a\000n\000d\000\040\000R\000e\000l\000a\000t\000e\000d\000\040\000W\000o\000r\000k}{}% 2
\BOOKMARK [2][-]{subsection.2.1}{\376\377\000S\000y\000n\000g\000a\000s\000\040\000F\000e\000r\000m\000e\000n\000t\000a\000t\000i\000o\000n\000\040\000a\000n\000d\000\040\000E\000t\000h\000a\000n\000o\000l\000\040\000P\000r\000o\000d\000u\000c\000t\000i\000o\000n}{section.2}% 3
\BOOKMARK [2][-]{subsection.2.2}{\376\377\000M\000a\000c\000h\000i\000n\000e\000\040\000L\000e\000a\000r\000n\000i\000n\000g\000\040\000f\000o\000r\000\040\000F\000e\000r\000m\000e\000n\000t\000a\000t\000i\000o\000n}{section.2}% 4
\BOOKMARK [2][-]{subsection.2.3}{\376\377\000R\000i\000g\000o\000r\000o\000u\000s\000\040\000M\000o\000d\000e\000l\000\040\000E\000v\000a\000l\000u\000a\000t\000i\000o\000n}{section.2}% 5
\BOOKMARK [1][-]{section.3}{\376\377\000D\000a\000t\000a\000s\000e\000t\000\040\000a\000n\000d\000\040\000P\000r\000o\000b\000l\000e\000m\000\040\000F\000o\000r\000m\000u\000l\000a\000t\000i\000o\000n}{}% 6
\BOOKMARK [2][-]{subsection.3.1}{\376\377\000D\000a\000t\000a\000\040\000S\000o\000u\000r\000c\000e}{section.3}% 7
\BOOKMARK [2][-]{subsection.3.2}{\376\377\000F\000e\000a\000t\000u\000r\000e\000s\000\040\000a\000n\000d\000\040\000T\000a\000r\000g\000e\000t}{section.3}% 8
\BOOKMARK [2][-]{subsection.3.3}{\376\377\000D\000e\000s\000c\000r\000i\000p\000t\000i\000v\000e\000\040\000S\000t\000a\000t\000i\000s\000t\000i\000c\000s\000\040\000o\000f\000\040\000t\000h\000e\000\040\000S\000u\000p\000e\000r\000v\000i\000s\000e\000d\000\040\000T\000a\000s\000k}{section.3}% 9
\BOOKMARK [2][-]{subsection.3.4}{\376\377\000D\000a\000t\000a\000\040\000P\000r\000e\000p\000r\000o\000c\000e\000s\000s\000i\000n\000g\000\040\000a\000n\000d\000\040\000F\000e\000a\000t\000u\000r\000e\000\040\000E\000n\000g\000i\000n\000e\000e\000r\000i\000n\000g}{section.3}% 10
\BOOKMARK [2][-]{subsection.3.5}{\376\377\000D\000a\000t\000a\000\040\000S\000u\000f\000f\000i\000c\000i\000e\000n\000c\000y\000\040\000a\000n\000d\000\040\000A\000c\000t\000i\000v\000e\000\040\000L\000e\000a\000r\000n\000i\000n\000g\000\040\000C\000o\000n\000s\000i\000d\000e\000r\000a\000t\000i\000o\000n}{section.3}% 11
\BOOKMARK [2][-]{subsection.3.6}{\376\377\000T\000a\000s\000k\000\040\000F\000o\000r\000m\000u\000l\000a\000t\000i\000o\000n}{section.3}% 12
\BOOKMARK [1][-]{section.4}{\376\377\000M\000e\000t\000h\000o\000d\000o\000l\000o\000g\000y}{}% 13
\BOOKMARK [2][-]{subsection.4.1}{\376\377\000M\000e\000t\000h\000o\000d\000o\000l\000o\000g\000i\000c\000a\000l\000\040\000P\000i\000l\000l\000a\000r}{section.4}% 14
\BOOKMARK [2][-]{subsection.4.2}{\376\377\000S\000o\000f\000t\000w\000a\000r\000e\000\040\000S\000t\000a\000c\000k\000\040\000a\000n\000d\000\040\000L\000i\000b\000r\000a\000r\000y\000\040\000C\000h\000o\000i\000c\000e}{section.4}% 15
\BOOKMARK [2][-]{subsection.4.3}{\376\377\000T\000r\000a\000i\000n\000-\000T\000e\000s\000t\000\040\000S\000p\000l\000i\000t\000\040\000P\000r\000o\000t\000o\000c\000o\000l}{section.4}% 16
\BOOKMARK [2][-]{subsection.4.4}{\376\377\000C\000a\000n\000d\000i\000d\000a\000t\000e\000\040\000M\000o\000d\000e\000l\000s}{section.4}% 17
\BOOKMARK [2][-]{subsection.4.5}{\376\377\000A\000l\000t\000e\000r\000n\000a\000t\000i\000v\000e\000s\000\040\000S\000u\000r\000v\000e\000y\000e\000d\000\040\000a\000n\000d\000\040\000D\000e\000s\000i\000g\000n\000\040\000C\000h\000o\000i\000c\000e\000s}{section.4}% 18
\BOOKMARK [2][-]{subsection.4.6}{\376\377\000O\000b\000j\000e\000c\000t\000i\000v\000e\000\040\000F\000u\000n\000c\000t\000i\000o\000n\000\040\000a\000n\000d\000\040\000P\000e\000r\000f\000o\000r\000m\000a\000n\000c\000e\000\040\000M\000e\000a\000s\000u\000r\000e\000s}{section.4}% 19
\BOOKMARK [2][-]{subsection.4.7}{\376\377\000E\000v\000a\000l\000u\000a\000t\000i\000o\000n\000\040\000M\000e\000t\000r\000i\000c\000s}{section.4}% 20
\BOOKMARK [1][-]{section.5}{\376\377\000E\000x\000p\000e\000r\000i\000m\000e\000n\000t\000s\000\040\000a\000n\000d\000\040\000R\000e\000s\000u\000l\000t\000s}{}% 21
\BOOKMARK [2][-]{subsection.5.1}{\376\377\000F\000i\000x\000e\000d\000-\000S\000p\000l\000i\000t\000\040\000E\000v\000a\000l\000u\000a\000t\000i\000o\000n\000\040\000\050\000S\000e\000e\000d\000\040\0004\0002\000\051}{section.5}% 22
\BOOKMARK [3][-]{subsubsection.5.1.1}{\376\377\000Q\000u\000a\000n\000t\000i\000t\000a\000t\000i\000v\000e\000\040\000A\000n\000a\000l\000y\000s\000i\000s}{subsection.5.1}% 23
\BOOKMARK [2][-]{subsection.5.2}{\376\377\000R\000o\000b\000u\000s\000t\000n\000e\000s\000s\000\040\000A\000n\000a\000l\000y\000s\000i\000s\000:\000\040\0003\0000\000-\000F\000o\000l\000d\000\040\000R\000e\000p\000e\000a\000t\000e\000d\000\040\000R\000a\000n\000d\000o\000m\000\040\000S\000p\000l\000i\000t\000s}{section.5}% 24
\BOOKMARK [2][-]{subsection.5.3}{\376\377\000S\000c\000a\000l\000i\000n\000g\000\040\000A\000b\000l\000a\000t\000i\000o\000n\000\040\000S\000t\000u\000d\000y\000\040\000\050\0004\000\040\000C\000o\000m\000b\000i\000n\000a\000t\000i\000o\000n\000s\000\051}{section.5}% 25
\BOOKMARK [2][-]{subsection.5.4}{\376\377\000R\000u\000n\000t\000i\000m\000e\000\040\000\050\000W\000a\000l\000l\000-\000C\000l\000o\000c\000k\000\051\000\040\000A\000n\000a\000l\000y\000s\000i\000s}{section.5}% 26
\BOOKMARK [2][-]{subsection.5.5}{\376\377\000S\000t\000a\000t\000i\000s\000t\000i\000c\000a\000l\000\040\000H\000y\000p\000o\000t\000h\000e\000s\000i\000s\000\040\000T\000e\000s\000t\000i\000n\000g}{section.5}% 27
\BOOKMARK [3][-]{subsubsection.5.5.1}{\376\377\000H\000y\000p\000o\000t\000h\000e\000s\000i\000s\000\040\000F\000o\000r\000m\000u\000l\000a\000t\000i\000o\000n}{subsection.5.5}% 28
\BOOKMARK [3][-]{subsubsection.5.5.2}{\376\377\000F\000i\000x\000e\000d\000-\000S\000p\000l\000i\000t\000\040\000P\000a\000i\000r\000e\000d\000\040\000T\000e\000s\000t\000s}{subsection.5.5}% 29
\BOOKMARK [3][-]{subsubsection.5.5.3}{\376\377\000S\000e\000e\000d\000-\000L\000e\000v\000e\000l\000\040\000R\000o\000b\000u\000s\000t\000n\000e\000s\000s\000\040\000T\000e\000s\000t\000i\000n\000g}{subsection.5.5}% 30
\BOOKMARK [1][-]{section.6}{\376\377\000D\000i\000s\000c\000u\000s\000s\000i\000o\000n}{}% 31
\BOOKMARK [2][-]{subsection.6.1}{\376\377\000W\000h\000y\000\040\000R\000a\000n\000d\000o\000m\000\040\000F\000o\000r\000e\000s\000t\000\040\000E\000x\000c\000e\000l\000s}{section.6}% 32
\BOOKMARK [3][-]{subsubsection.6.1.1}{\376\377\000N\000o\000n\000l\000i\000n\000e\000a\000r\000i\000t\000y\000\040\000a\000n\000d\000\040\000I\000n\000t\000e\000r\000a\000c\000t\000i\000o\000n\000\040\000C\000a\000p\000t\000u\000r\000e}{subsection.6.1}% 33
\BOOKMARK [3][-]{subsubsection.6.1.2}{\376\377\000V\000a\000r\000i\000a\000n\000c\000e\000\040\000R\000e\000d\000u\000c\000t\000i\000o\000n\000\040\000v\000i\000a\000\040\000E\000n\000s\000e\000m\000b\000l\000e\000\040\000A\000v\000e\000r\000a\000g\000i\000n\000g}{subsection.6.1}% 34
\BOOKMARK [3][-]{subsubsection.6.1.3}{\376\377\000F\000e\000a\000t\000u\000r\000e\000\040\000S\000c\000a\000l\000i\000n\000g\000\040\000I\000n\000v\000a\000r\000i\000a\000n\000c\000e}{subsection.6.1}% 35
\BOOKMARK [3][-]{subsubsection.6.1.4}{\376\377\000R\000o\000b\000u\000s\000t\000n\000e\000s\000s\000\040\000t\000o\000\040\000O\000u\000t\000l\000i\000e\000r\000s\000\040\000a\000n\000d\000\040\000N\000o\000i\000s\000e}{subsection.6.1}% 36
\BOOKMARK [2][-]{subsection.6.2}{\376\377\000M\000L\000P\000\040\000L\000i\000m\000i\000t\000a\000t\000i\000o\000n\000s\000\040\000a\000n\000d\000\040\000C\000o\000n\000v\000e\000r\000g\000e\000n\000c\000e\000\040\000C\000h\000a\000l\000l\000e\000n\000g\000e\000s}{section.6}% 37
\BOOKMARK [3][-]{subsubsection.6.2.1}{\376\377\000O\000p\000t\000i\000m\000i\000z\000a\000t\000i\000o\000n\000\040\000S\000e\000n\000s\000i\000t\000i\000v\000i\000t\000y}{subsection.6.2}% 38
\BOOKMARK [3][-]{subsubsection.6.2.2}{\376\377\000O\000v\000e\000r\000f\000i\000t\000t\000i\000n\000g\000\040\000R\000i\000s\000k\000\040\000o\000n\000\040\000S\000m\000a\000l\000l\000\040\000T\000r\000a\000i\000n\000i\000n\000g\000\040\000S\000e\000t\000s}{subsection.6.2}% 39
\BOOKMARK [3][-]{subsubsection.6.2.3}{\376\377\000C\000o\000n\000v\000e\000r\000g\000e\000n\000c\000e\000\040\000W\000a\000r\000n\000i\000n\000g\000s}{subsection.6.2}% 40
\BOOKMARK [2][-]{subsection.6.3}{\376\377\000L\000i\000n\000e\000a\000r\000\040\000R\000e\000g\000r\000e\000s\000s\000i\000o\000n\000\040\000a\000s\000\040\000a\000\040\000B\000a\000s\000e\000l\000i\000n\000e}{section.6}% 41
\BOOKMARK [2][-]{subsection.6.4}{\376\377\000F\000a\000i\000l\000u\000r\000e\000\040\000M\000o\000d\000e\000s\000,\000\040\000L\000i\000m\000i\000t\000a\000t\000i\000o\000n\000s\000,\000\040\000a\000n\000d\000\040\000D\000e\000p\000l\000o\000y\000m\000e\000n\000t\000\040\000R\000i\000s\000k\000s}{section.6}% 42
\BOOKMARK [3][-]{subsubsection.6.4.1}{\376\377\000D\000i\000s\000t\000r\000i\000b\000u\000t\000i\000o\000n\000\040\000S\000h\000i\000f\000t\000\040\000a\000n\000d\000\040\000D\000o\000m\000a\000i\000n\000\040\000T\000r\000a\000n\000s\000f\000e\000r}{subsection.6.4}% 43
\BOOKMARK [3][-]{subsubsection.6.4.2}{\376\377\000D\000a\000t\000a\000\040\000Q\000u\000a\000l\000i\000t\000y\000\040\000a\000n\000d\000\040\000M\000e\000a\000s\000u\000r\000e\000m\000e\000n\000t\000\040\000E\000r\000r\000o\000r}{subsection.6.4}% 44
\BOOKMARK [3][-]{subsubsection.6.4.3}{\376\377\000E\000x\000t\000r\000a\000p\000o\000l\000a\000t\000i\000o\000n\000\040\000a\000n\000d\000\040\000B\000o\000u\000n\000d\000e\000d\000\040\000P\000r\000e\000d\000i\000c\000t\000i\000o\000n\000\040\000R\000a\000n\000g\000e}{subsection.6.4}% 45
\BOOKMARK [3][-]{subsubsection.6.4.4}{\376\377\000I\000n\000t\000e\000r\000p\000r\000e\000t\000a\000b\000i\000l\000i\000t\000y\000:\000\040\000T\000h\000e\000\040\000B\000l\000a\000c\000k\000-\000B\000o\000x\000\040\000P\000r\000o\000b\000l\000e\000m}{subsection.6.4}% 46
\BOOKMARK [2][-]{subsection.6.5}{\376\377\000T\000e\000s\000t\000\040\000S\000e\000t\000\040\000S\000i\000z\000e\000\040\000a\000n\000d\000\040\000C\000o\000n\000f\000i\000d\000e\000n\000c\000e\000\040\000I\000n\000t\000e\000r\000v\000a\000l\000s}{section.6}% 47
\BOOKMARK [2][-]{subsection.6.6}{\376\377\000C\000r\000o\000s\000s\000-\000V\000a\000l\000i\000d\000a\000t\000i\000o\000n\000\040\000a\000n\000d\000\040\000G\000e\000n\000e\000r\000a\000l\000i\000z\000a\000t\000i\000o\000n\000\040\000P\000e\000r\000f\000o\000r\000m\000a\000n\000c\000e}{section.6}% 48
\BOOKMARK [2][-]{subsection.6.7}{\376\377\000P\000r\000a\000c\000t\000i\000c\000a\000l\000\040\000I\000m\000p\000l\000i\000c\000a\000t\000i\000o\000n\000s\000\040\000f\000o\000r\000\040\000S\000o\000f\000t\000-\000S\000e\000n\000s\000o\000r\000\040\000D\000e\000p\000l\000o\000y\000m\000e\000n\000t}{section.6}% 49
\BOOKMARK [2][-]{subsection.6.8}{\376\377\000A\000r\000e\000a\000s\000\040\000f\000o\000r\000\040\000I\000m\000p\000r\000o\000v\000e\000m\000e\000n\000t}{section.6}% 50
\BOOKMARK [1][-]{section.7}{\376\377\000C\000o\000n\000c\000l\000u\000s\000i\000o\000n}{}% 51
\BOOKMARK [1][-]{section*.8}{\376\377\000R\000e\000f\000e\000r\000e\000n\000c\000e\000s}{}% 52
